2018-01-17 18:58:23,547 - Left side (${logicDeleteFieldName}) of '==' operation has null value. If it is a reference, it may not be in the context or its toString() returned null. /templates/entity.java.vm[line 76, column 30]
2018-01-17 18:58:23,553 - ResourceManager : found /templates/mapper.java.vm with loader org.apache.velocity.runtime.resource.loader.ClasspathResourceLoader
2018-01-17 18:58:23,559 - ResourceManager : found /templates/mapper.xml.vm with loader org.apache.velocity.runtime.resource.loader.ClasspathResourceLoader
2018-01-17 18:58:23,564 - ResourceManager : found /templates/service.java.vm with loader org.apache.velocity.runtime.resource.loader.ClasspathResourceLoader
2018-01-17 18:58:23,568 - ResourceManager : found /templates/serviceImpl.java.vm with loader org.apache.velocity.runtime.resource.loader.ClasspathResourceLoader
2018-01-17 18:58:23,572 - ResourceManager : found /templates/controller.java.vm with loader org.apache.velocity.runtime.resource.loader.ClasspathResourceLoader
2018-01-17 20:07:25,709 - Log4JLogChute initialized using file 'velocity.log'
2018-01-17 20:07:25,710 - Initializing Velocity, Calling init()...
2018-01-17 20:07:25,710 - Starting Apache Velocity v1.7 (compiled: 2010-11-19 12:14:37)
2018-01-17 20:07:25,710 - Default Properties File: org\apache\velocity\runtime\defaults\velocity.properties
2018-01-17 20:07:25,710 - Trying to use logger class org.apache.velocity.runtime.log.AvalonLogChute
2018-01-17 20:07:25,710 - Target log system for org.apache.velocity.runtime.log.AvalonLogChute is not available (java.lang.NoClassDefFoundError: org/apache/log/format/Formatter).  Falling back to next log system...
2018-01-17 20:07:25,710 - Trying to use logger class org.apache.velocity.runtime.log.Log4JLogChute
2018-01-17 20:07:25,710 - Using logger class org.apache.velocity.runtime.log.Log4JLogChute
2018-01-17 20:07:25,717 - ResourceLoader instantiated: org.apache.velocity.runtime.resource.loader.ClasspathResourceLoader
2018-01-17 20:07:25,744 - ResourceCache: initialized (class org.apache.velocity.runtime.resource.ResourceCacheImpl) with class java.util.Collections$SynchronizedMap cache map.
2018-01-17 20:07:25,746 - Loaded System Directive: org.apache.velocity.runtime.directive.Stop
2018-01-17 20:07:25,749 - Loaded System Directive: org.apache.velocity.runtime.directive.Define
2018-01-17 20:07:25,750 - Loaded System Directive: org.apache.velocity.runtime.directive.Break
2018-01-17 20:07:25,752 - Loaded System Directive: org.apache.velocity.runtime.directive.Evaluate
2018-01-17 20:07:25,753 - Loaded System Directive: org.apache.velocity.runtime.directive.Literal
2018-01-17 20:07:25,755 - Loaded System Directive: org.apache.velocity.runtime.directive.Macro
2018-01-17 20:07:25,757 - Loaded System Directive: org.apache.velocity.runtime.directive.Parse
2018-01-17 20:07:25,759 - Loaded System Directive: org.apache.velocity.runtime.directive.Include
2018-01-17 20:07:25,761 - Loaded System Directive: org.apache.velocity.runtime.directive.Foreach
2018-01-17 20:07:25,814 - Created '20' parsers.
2018-01-17 20:07:25,823 - Velocimacro : "velocimacro.library" is not set.  Trying default library: VM_global_library.vm
2018-01-17 20:07:25,824 - Could not load resource 'VM_global_library.vm' from ResourceLoader org.apache.velocity.runtime.resource.loader.ClasspathResourceLoader: ClasspathResourceLoader Error: cannot find resource VM_global_library.vm
2018-01-17 20:07:25,824 - Velocimacro : Default library not found.
2018-01-17 20:07:25,824 - Velocimacro : allowInline = true : VMs can be defined inline in templates
2018-01-17 20:07:25,824 - Velocimacro : allowInlineToOverride = false : VMs defined inline may NOT replace previous VM definitions
2018-01-17 20:07:25,824 - Velocimacro : allowInlineLocal = false : VMs defined inline will be global in scope if allowed.
2018-01-17 20:07:25,824 - Velocimacro : autoload off : VM system will not automatically reload global library macros
2018-01-17 20:07:25,868 - ResourceManager : found /templates/entity.java.vm with loader org.apache.velocity.runtime.resource.loader.ClasspathResourceLoader
2018-01-17 20:07:25,883 - Left side (${versionFieldName}) of '==' operation has null value. If it is a reference, it may not be in the context or its toString() returned null. /templates/entity.java.vm[line 72, column 26]
2018-01-17 20:07:25,883 - Left side (${logicDeleteFieldName}) of '==' operation has null value. If it is a reference, it may not be in the context or its toString() returned null. /templates/entity.java.vm[line 76, column 30]
2018-01-17 20:07:25,883 - Left side (${versionFieldName}) of '==' operation has null value. If it is a reference, it may not be in the context or its toString() returned null. /templates/entity.java.vm[line 72, column 26]
2018-01-17 20:07:25,883 - Left side (${logicDeleteFieldName}) of '==' operation has null value. If it is a reference, it may not be in the context or its toString() returned null. /templates/entity.java.vm[line 76, column 30]
2018-01-17 20:07:25,883 - Left side (${versionFieldName}) of '==' operation has null value. If it is a reference, it may not be in the context or its toString() returned null. /templates/entity.java.vm[line 72, column 26]
2018-01-17 20:07:25,883 - Left side (${logicDeleteFieldName}) of '==' operation has null value. If it is a reference, it may not be in the context or its toString() returned null. /templates/entity.java.vm[line 76, column 30]
2018-01-17 20:07:25,884 - Left side (${versionFieldName}) of '==' operation has null value. If it is a reference, it may not be in the context or its toString() returned null. /templates/entity.java.vm[line 72, column 26]
2018-01-17 20:07:25,884 - Left side (${logicDeleteFieldName}) of '==' operation has null value. If it is a reference, it may not be in the context or its toString() returned null. /templates/entity.java.vm[line 76, column 30]
2018-01-17 20:07:25,884 - Left side (${versionFieldName}) of '==' operation has null value. If it is a reference, it may not be in the context or its toString() returned null. /templates/entity.java.vm[line 72, column 26]
2018-01-17 20:07:25,884 - Left side (${logicDeleteFieldName}) of '==' operation has null value. If it is a reference, it may not be in the context or its toString() returned null. /templates/entity.java.vm[line 76, column 30]
2018-01-17 20:07:25,895 - ResourceManager : found /templates/mapper.java.vm with loader org.apache.velocity.runtime.resource.loader.ClasspathResourceLoader
2018-01-17 20:07:25,903 - ResourceManager : found /templates/mapper.xml.vm with loader org.apache.velocity.runtime.resource.loader.ClasspathResourceLoader
2018-01-17 20:07:25,908 - ResourceManager : found /templates/service.java.vm with loader org.apache.velocity.runtime.resource.loader.ClasspathResourceLoader
2018-01-17 20:07:25,913 - ResourceManager : found /templates/serviceImpl.java.vm with loader org.apache.velocity.runtime.resource.loader.ClasspathResourceLoader
2018-01-17 20:07:25,918 - ResourceManager : found /templates/controller.java.vm with loader org.apache.velocity.runtime.resource.loader.ClasspathResourceLoader
2018-01-18 20:54:24,028 - Log4JLogChute initialized using file 'velocity.log'
2018-01-18 20:54:24,030 - Initializing Velocity, Calling init()...
2018-01-18 20:54:24,030 - Starting Apache Velocity v1.7 (compiled: 2010-11-19 12:14:37)
2018-01-18 20:54:24,030 - Default Properties File: org\apache\velocity\runtime\defaults\velocity.properties
2018-01-18 20:54:24,030 - Trying to use logger class org.apache.velocity.runtime.log.AvalonLogChute
2018-01-18 20:54:24,030 - Target log system for org.apache.velocity.runtime.log.AvalonLogChute is not available (java.lang.NoClassDefFoundError: org/apache/log/format/Formatter).  Falling back to next log system...
2018-01-18 20:54:24,030 - Trying to use logger class org.apache.velocity.runtime.log.Log4JLogChute
2018-01-18 20:54:24,030 - Using logger class org.apache.velocity.runtime.log.Log4JLogChute
2018-01-18 20:54:24,038 - ResourceLoader instantiated: org.apache.velocity.runtime.resource.loader.ClasspathResourceLoader
2018-01-18 20:54:24,064 - ResourceCache: initialized (class org.apache.velocity.runtime.resource.ResourceCacheImpl) with class java.util.Collections$SynchronizedMap cache map.
2018-01-18 20:54:24,067 - Loaded System Directive: org.apache.velocity.runtime.directive.Stop
2018-01-18 20:54:24,069 - Loaded System Directive: org.apache.velocity.runtime.directive.Define
2018-01-18 20:54:24,070 - Loaded System Directive: org.apache.velocity.runtime.directive.Break
2018-01-18 20:54:24,072 - Loaded System Directive: org.apache.velocity.runtime.directive.Evaluate
2018-01-18 20:54:24,073 - Loaded System Directive: org.apache.velocity.runtime.directive.Literal
2018-01-18 20:54:24,076 - Loaded System Directive: org.apache.velocity.runtime.directive.Macro
2018-01-18 20:54:24,079 - Loaded System Directive: org.apache.velocity.runtime.directive.Parse
2018-01-18 20:54:24,082 - Loaded System Directive: org.apache.velocity.runtime.directive.Include
2018-01-18 20:54:24,084 - Loaded System Directive: org.apache.velocity.runtime.directive.Foreach
2018-01-18 20:54:24,142 - Created '20' parsers.
2018-01-18 20:54:24,154 - Velocimacro : "velocimacro.library" is not set.  Trying default library: VM_global_library.vm
2018-01-18 20:54:24,156 - Could not load resource 'VM_global_library.vm' from ResourceLoader org.apache.velocity.runtime.resource.loader.ClasspathResourceLoader: ClasspathResourceLoader Error: cannot find resource VM_global_library.vm
2018-01-18 20:54:24,156 - Velocimacro : Default library not found.
2018-01-18 20:54:24,156 - Velocimacro : allowInline = true : VMs can be defined inline in templates
2018-01-18 20:54:24,156 - Velocimacro : allowInlineToOverride = false : VMs defined inline may NOT replace previous VM definitions
2018-01-18 20:54:24,156 - Velocimacro : allowInlineLocal = false : VMs defined inline will be global in scope if allowed.
2018-01-18 20:54:24,156 - Velocimacro : autoload off : VM system will not automatically reload global library macros
2018-01-18 20:54:24,214 - ResourceManager : found /templates/entity.java.vm with loader org.apache.velocity.runtime.resource.loader.ClasspathResourceLoader
2018-01-18 20:54:24,234 - Left side (${versionFieldName}) of '==' operation has null value. If it is a reference, it may not be in the context or its toString() returned null. /templates/entity.java.vm[line 72, column 26]
2018-01-18 20:54:24,234 - Left side (${logicDeleteFieldName}) of '==' operation has null value. If it is a reference, it may not be in the context or its toString() returned null. /templates/entity.java.vm[line 76, column 30]
2018-01-18 20:54:24,234 - Left side (${versionFieldName}) of '==' operation has null value. If it is a reference, it may not be in the context or its toString() returned null. /templates/entity.java.vm[line 72, column 26]
2018-01-18 20:54:24,234 - Left side (${logicDeleteFieldName}) of '==' operation has null value. If it is a reference, it may not be in the context or its toString() returned null. /templates/entity.java.vm[line 76, column 30]
2018-01-18 20:54:24,235 - Left side (${versionFieldName}) of '==' operation has null value. If it is a reference, it may not be in the context or its toString() returned null. /templates/entity.java.vm[line 72, column 26]
2018-01-18 20:54:24,235 - Left side (${logicDeleteFieldName}) of '==' operation has null value. If it is a reference, it may not be in the context or its toString() returned null. /templates/entity.java.vm[line 76, column 30]
2018-01-18 20:54:24,235 - Left side (${versionFieldName}) of '==' operation has null value. If it is a reference, it may not be in the context or its toString() returned null. /templates/entity.java.vm[line 72, column 26]
2018-01-18 20:54:24,235 - Left side (${logicDeleteFieldName}) of '==' operation has null value. If it is a reference, it may not be in the context or its toString() returned null. /templates/entity.java.vm[line 76, column 30]
2018-01-18 20:54:24,235 - Left side (${versionFieldName}) of '==' operation has null value. If it is a reference, it may not be in the context or its toString() returned null. /templates/entity.java.vm[line 72, column 26]
2018-01-18 20:54:24,235 - Left side (${logicDeleteFieldName}) of '==' operation has null value. If it is a reference, it may not be in the context or its toString() returned null. /templates/entity.java.vm[line 76, column 30]
2018-01-18 20:54:24,236 - Left side (${versionFieldName}) of '==' operation has null value. If it is a reference, it may not be in the context or its toString() returned null. /templates/entity.java.vm[line 72, column 26]
2018-01-18 20:54:24,236 - Left side (${logicDeleteFieldName}) of '==' operation has null value. If it is a reference, it may not be in the context or its toString() returned null. /templates/entity.java.vm[line 76, column 30]
2018-01-18 20:54:24,236 - Left side (${versionFieldName}) of '==' operation has null value. If it is a reference, it may not be in the context or its toString() returned null. /templates/entity.java.vm[line 72, column 26]
2018-01-18 20:54:24,236 - Left side (${logicDeleteFieldName}) of '==' operation has null value. If it is a reference, it may not be in the context or its toString() returned null. /templates/entity.java.vm[line 76, column 30]
2018-01-18 20:54:24,237 - Left side (${versionFieldName}) of '==' operation has null value. If it is a reference, it may not be in the context or its toString() returned null. /templates/entity.java.vm[line 72, column 26]
2018-01-18 20:54:24,237 - Left side (${logicDeleteFieldName}) of '==' operation has null value. If it is a reference, it may not be in the context or its toString() returned null. /templates/entity.java.vm[line 76, column 30]
2018-01-18 20:54:24,237 - Left side (${versionFieldName}) of '==' operation has null value. If it is a reference, it may not be in the context or its toString() returned null. /templates/entity.java.vm[line 72, column 26]
2018-01-18 20:54:24,237 - Left side (${logicDeleteFieldName}) of '==' operation has null value. If it is a reference, it may not be in the context or its toString() returned null. /templates/entity.java.vm[line 76, column 30]
2018-01-18 20:54:24,238 - Left side (${versionFieldName}) of '==' operation has null value. If it is a reference, it may not be in the context or its toString() returned null. /templates/entity.java.vm[line 72, column 26]
2018-01-18 20:54:24,238 - Left side (${logicDeleteFieldName}) of '==' operation has null value. If it is a reference, it may not be in the context or its toString() returned null. /templates/entity.java.vm[line 76, column 30]
2018-01-18 20:54:24,238 - Left side (${versionFieldName}) of '==' operation has null value. If it is a reference, it may not be in the context or its toString() returned null. /templates/entity.java.vm[line 72, column 26]
2018-01-18 20:54:24,238 - Left side (${logicDeleteFieldName}) of '==' operation has null value. If it is a reference, it may not be in the context or its toString() returned null. /templates/entity.java.vm[line 76, column 30]
2018-01-18 20:54:24,238 - Left side (${versionFieldName}) of '==' operation has null value. If it is a reference, it may not be in the context or its toString() returned null. /templates/entity.java.vm[line 72, column 26]
2018-01-18 20:54:24,238 - Left side (${logicDeleteFieldName}) of '==' operation has null value. If it is a reference, it may not be in the context or its toString() returned null. /templates/entity.java.vm[line 76, column 30]
2018-01-18 20:54:24,239 - Left side (${versionFieldName}) of '==' operation has null value. If it is a reference, it may not be in the context or its toString() returned null. /templates/entity.java.vm[line 72, column 26]
2018-01-18 20:54:24,239 - Left side (${logicDeleteFieldName}) of '==' operation has null value. If it is a reference, it may not be in the context or its toString() returned null. /templates/entity.java.vm[line 76, column 30]
2018-01-18 20:54:24,239 - Left side (${versionFieldName}) of '==' operation has null value. If it is a reference, it may not be in the context or its toString() returned null. /templates/entity.java.vm[line 72, column 26]
2018-01-18 20:54:24,239 - Left side (${logicDeleteFieldName}) of '==' operation has null value. If it is a reference, it may not be in the context or its toString() returned null. /templates/entity.java.vm[line 76, column 30]
2018-01-18 20:54:24,239 - Left side (${versionFieldName}) of '==' operation has null value. If it is a reference, it may not be in the context or its toString() returned null. /templates/entity.java.vm[line 72, column 26]
2018-01-18 20:54:24,239 - Left side (${logicDeleteFieldName}) of '==' operation has null value. If it is a reference, it may not be in the context or its toString() returned null. /templates/entity.java.vm[line 76, column 30]
2018-01-18 20:54:24,256 - ResourceManager : found /templates/mapper.java.vm with loader org.apache.velocity.runtime.resource.loader.ClasspathResourceLoader
2018-01-18 20:54:24,267 - ResourceManager : found /templates/mapper.xml.vm with loader org.apache.velocity.runtime.resource.loader.ClasspathResourceLoader
2018-01-18 20:54:24,273 - ResourceManager : found /templates/service.java.vm with loader org.apache.velocity.runtime.resource.loader.ClasspathResourceLoader
2018-01-18 20:54:24,278 - ResourceManager : found /templates/serviceImpl.java.vm with loader org.apache.velocity.runtime.resource.loader.ClasspathResourceLoader
2018-01-18 20:54:24,285 - ResourceManager : found /templates/controller.java.vm with loader org.apache.velocity.runtime.resource.loader.ClasspathResourceLoader
